2026-01-26 14:52:09,104 - INFO - Before Number of Rows for Good class : 111930
2026-01-26 14:52:09,108 - INFO - Before Number of Rows for Bad class : 8070
2026-01-26 14:52:09,207 - INFO - After Number of Rows for Good class : 111930
2026-01-26 14:52:09,216 - INFO - After Number of Rows for Bad class : 111930
2026-01-26 14:52:09,216 - INFO - (223860, 12)
2026-01-26 14:52:09,216 - INFO - (223860,)
2026-01-26 14:52:09,223 - INFO -         age_yeo_trim  NumberOfOpenCreditLinesAndLoans_yeo_trim  NumberRealEstateLoansOrLines_yeo_trim  ...  Rented_OwnHouse_res  Occupation_res  Education_res
16593      21.461271                                  4.053074                               0.961669  ...             0.000000        4.000000            1.0
70410      17.526925                                  3.117028                               0.000000  ...             0.000000        4.000000            2.0
23124      19.981792                                  0.789056                               0.000000  ...             0.000000        0.000000            0.0
33584      16.106834                                  4.630684                               0.000000  ...             1.000000        3.000000            3.0
124390     19.314361                                  4.481489                               0.636845  ...             1.000000        0.000000            4.0
84342      19.981792                                  5.296315                               0.961669  ...             1.000000        0.000000            0.0
205682     24.513994                                  4.826040                               0.905785  ...             0.941889        3.941889            3.0
196960     15.321480                                  4.759255                               0.670753  ...             0.950870        4.000000            1.0
122588     13.309492                                  1.352471                               0.000000  ...             1.000000        1.000000            3.0
121876     13.525175                                  3.535237                               0.961669  ...             1.000000        0.000000            4.0

[10 rows x 12 columns]
2026-01-26 14:52:09,241 - INFO - [[-0.78510152 -0.77418617 -1.1441428  ... -0.90809968  0.98632874
  -1.38373747]
 [ 0.44699017  0.69578713  0.35508292 ... -0.90809968  0.98632874
  -0.75330787]
 [-1.10231529 -0.26418058 -1.1441428  ...  1.20745501 -1.36504678
   1.13798094]
 ...
 [-1.24418374 -1.19484002 -1.1441428  ... -0.90809968  0.98632874
  -0.75330787]
 [ 0.27307954 -2.1782564  -1.1441428  ... -0.90809968  0.98632874
  -0.75330787]
 [-0.3888886   1.04714868  1.20357763 ... -0.75279755  0.98632874
   0.50755134]]
