2026-01-26 14:52:07,710 - INFO - Index(['NPA Status', 'RevolvingUtilizationOfUnsecuredLines', 'age',
       'NumberOfTime30-59DaysPastDueNotWorse', 'DebtRatio',
       'NumberOfOpenCreditLinesAndLoans', 'NumberOfTimes90DaysLate',
       'NumberRealEstateLoansOrLines', 'NumberOfTime60-89DaysPastDueNotWorse',
       'MonthlyIncome_replaced', 'NumberOfDependents_replaced'],
      dtype='object') -> (120000, 11)
2026-01-26 14:52:07,710 - INFO - Index(['NPA Status', 'RevolvingUtilizationOfUnsecuredLines', 'age',
       'NumberOfTime30-59DaysPastDueNotWorse', 'DebtRatio',
       'NumberOfOpenCreditLinesAndLoans', 'NumberOfTimes90DaysLate',
       'NumberRealEstateLoansOrLines', 'NumberOfTime60-89DaysPastDueNotWorse',
       'MonthlyIncome_replaced', 'NumberOfDependents_replaced'],
      dtype='object') -> (30000, 11)
2026-01-26 14:52:08,383 - INFO - Index(['NPA Status_yeo_trim', 'RevolvingUtilizationOfUnsecuredLines_yeo_trim',
       'age_yeo_trim', 'NumberOfTime30-59DaysPastDueNotWorse_yeo_trim',
       'DebtRatio_yeo_trim', 'NumberOfOpenCreditLinesAndLoans_yeo_trim',
       'NumberOfTimes90DaysLate_yeo_trim',
       'NumberRealEstateLoansOrLines_yeo_trim',
       'NumberOfTime60-89DaysPastDueNotWorse_yeo_trim',
       'MonthlyIncome_replaced_yeo_trim',
       'NumberOfDependents_replaced_yeo_trim'],
      dtype='object') -> (120000, 11)
2026-01-26 14:52:08,383 - INFO - Index(['NPA Status_yeo_trim', 'RevolvingUtilizationOfUnsecuredLines_yeo_trim',
       'age_yeo_trim', 'NumberOfTime30-59DaysPastDueNotWorse_yeo_trim',
       'DebtRatio_yeo_trim', 'NumberOfOpenCreditLinesAndLoans_yeo_trim',
       'NumberOfTimes90DaysLate_yeo_trim',
       'NumberRealEstateLoansOrLines_yeo_trim',
       'NumberOfTime60-89DaysPastDueNotWorse_yeo_trim',
       'MonthlyIncome_replaced_yeo_trim',
       'NumberOfDependents_replaced_yeo_trim'],
      dtype='object') -> (30000, 11)
